Determining if the pthread_create exist failed with the following output:
Change Dir: /home/user/Dropbox/CompSci/Backup/CSCI3308/Summer/project/MasKFinal/Software3308Project/doxygen/build/CMakeFiles/CMakeTmp

Run Build Command:"/usr/bin/make" "cmTC_d0575/fast"
/usr/bin/make -f CMakeFiles/cmTC_d0575.dir/build.make CMakeFiles/cmTC_d0575.dir/build
make[1]: Entering directory '/home/user/Dropbox/CompSci/Backup/CSCI3308/Summer/project/MasKFinal/Software3308Project/doxygen/build/CMakeFiles/CMakeTmp'
Building C object CMakeFiles/cmTC_d0575.dir/CheckSymbolExists.c.o
/usr/bin/cc     -o CMakeFiles/cmTC_d0575.dir/CheckSymbolExists.c.o   -c /home/user/Dropbox/CompSci/Backup/CSCI3308/Summer/project/MasKFinal/Software3308Project/doxygen/build/CMakeFiles/CMakeTmp/CheckSymbolExists.c
Linking C executable cmTC_d0575
/usr/bin/cmake -E cmake_link_script CMakeFiles/cmTC_d0575.dir/link.txt --verbose=1
/usr/bin/cc       CMakeFiles/cmTC_d0575.dir/CheckSymbolExists.c.o  -o cmTC_d0575 -rdynamic 
CMakeFiles/cmTC_d0575.dir/CheckSymbolExists.c.o: In function `main':
CheckSymbolExists.c:(.text+0x16): undefined reference to `pthread_create'
collect2: error: ld returned 1 exit status
CMakeFiles/cmTC_d0575.dir/build.make:97: recipe for target 'cmTC_d0575' failed
make[1]: *** [cmTC_d0575] Error 1
make[1]: Leaving directory '/home/user/Dropbox/CompSci/Backup/CSCI3308/Summer/project/MasKFinal/Software3308Project/doxygen/build/CMakeFiles/CMakeTmp'
Makefile:126: recipe for target 'cmTC_d0575/fast' failed
make: *** [cmTC_d0575/fast] Error 2

File /home/user/Dropbox/CompSci/Backup/CSCI3308/Summer/project/MasKFinal/Software3308Project/doxygen/build/CMakeFiles/CMakeTmp/CheckSymbolExists.c:
/* */
#include <pthread.h>

int main(int argc, char** argv)
{
  (void)argv;
#ifndef pthread_create
  return ((int*)(&pthread_create))[argc];
#else
  (void)argc;
  return 0;
#endif
}

Determining if the function pthread_create exists in the pthreads failed with the following output:
Change Dir: /home/user/Dropbox/CompSci/Backup/CSCI3308/Summer/project/MasKFinal/Software3308Project/doxygen/build/CMakeFiles/CMakeTmp

Run Build Command:"/usr/bin/make" "cmTC_87620/fast"
/usr/bin/make -f CMakeFiles/cmTC_87620.dir/build.make CMakeFiles/cmTC_87620.dir/build
make[1]: Entering directory '/home/user/Dropbox/CompSci/Backup/CSCI3308/Summer/project/MasKFinal/Software3308Project/doxygen/build/CMakeFiles/CMakeTmp'
Building C object CMakeFiles/cmTC_87620.dir/CheckFunctionExists.c.o
/usr/bin/cc    -DCHECK_FUNCTION_EXISTS=pthread_create   -o CMakeFiles/cmTC_87620.dir/CheckFunctionExists.c.o   -c /usr/share/cmake-3.5/Modules/CheckFunctionExists.c
Linking C executable cmTC_87620
/usr/bin/cmake -E cmake_link_script CMakeFiles/cmTC_87620.dir/link.txt --verbose=1
/usr/bin/cc   -DCHECK_FUNCTION_EXISTS=pthread_create    CMakeFiles/cmTC_87620.dir/CheckFunctionExists.c.o  -o cmTC_87620 -rdynamic -lpthreads 
/usr/bin/ld: cannot find -lpthreads
collect2: error: ld returned 1 exit status
CMakeFiles/cmTC_87620.dir/build.make:97: recipe for target 'cmTC_87620' failed
make[1]: *** [cmTC_87620] Error 1
make[1]: Leaving directory '/home/user/Dropbox/CompSci/Backup/CSCI3308/Summer/project/MasKFinal/Software3308Project/doxygen/build/CMakeFiles/CMakeTmp'
Makefile:126: recipe for target 'cmTC_87620/fast' failed
make: *** [cmTC_87620/fast] Error 2


Performing C++ SOURCE FILE Test ICONV_ACCEPTS_CONST_INPUT failed with the following output:
Change Dir: /home/user/Dropbox/CompSci/Backup/CSCI3308/Summer/project/MasKFinal/Software3308Project/doxygen/build/CMakeFiles/CMakeTmp

Run Build Command:"/usr/bin/make" "cmTC_30f4e/fast"
/usr/bin/make -f CMakeFiles/cmTC_30f4e.dir/build.make CMakeFiles/cmTC_30f4e.dir/build
make[1]: Entering directory '/home/user/Dropbox/CompSci/Backup/CSCI3308/Summer/project/MasKFinal/Software3308Project/doxygen/build/CMakeFiles/CMakeTmp'
Building CXX object CMakeFiles/cmTC_30f4e.dir/src.cxx.o
/usr/bin/c++     -DICONV_ACCEPTS_CONST_INPUT   -o CMakeFiles/cmTC_30f4e.dir/src.cxx.o -c /home/user/Dropbox/CompSci/Backup/CSCI3308/Summer/project/MasKFinal/Software3308Project/doxygen/build/CMakeFiles/CMakeTmp/src.cxx
/home/user/Dropbox/CompSci/Backup/CSCI3308/Summer/project/MasKFinal/Software3308Project/doxygen/build/CMakeFiles/CMakeTmp/src.cxx: In function ‘int main()’:
/home/user/Dropbox/CompSci/Backup/CSCI3308/Summer/project/MasKFinal/Software3308Project/doxygen/build/CMakeFiles/CMakeTmp/src.cxx:4:43: error: invalid conversion from ‘const char**’ to ‘char**’ [-fpermissive]
             iconv(iconv_t(-1), &p, 0, 0, 0);
                                           ^
In file included from /home/user/Dropbox/CompSci/Backup/CSCI3308/Summer/project/MasKFinal/Software3308Project/doxygen/build/CMakeFiles/CMakeTmp/src.cxx:1:0:
/usr/include/iconv.h:42:15: note:   initializing argument 2 of ‘size_t iconv(iconv_t, char**, size_t*, char**, size_t*)’
 extern size_t iconv (iconv_t __cd, char **__restrict __inbuf,
               ^
CMakeFiles/cmTC_30f4e.dir/build.make:65: recipe for target 'CMakeFiles/cmTC_30f4e.dir/src.cxx.o' failed
make[1]: *** [CMakeFiles/cmTC_30f4e.dir/src.cxx.o] Error 1
make[1]: Leaving directory '/home/user/Dropbox/CompSci/Backup/CSCI3308/Summer/project/MasKFinal/Software3308Project/doxygen/build/CMakeFiles/CMakeTmp'
Makefile:126: recipe for target 'cmTC_30f4e/fast' failed
make: *** [cmTC_30f4e/fast] Error 2

Source file was:
#include <iconv.h>
         int main() {
            char const *p = 0;
            iconv(iconv_t(-1), &p, 0, 0, 0);
         }
